<?xml version="1.0" encoding="UTF-8"?>
<!-- Generated by org.testng.reporters.JUnitXMLReporter -->
<testsuite ignored="0" hostname="LAPTOP-R9E7JDSN" failures="0" tests="3" name="Submit Order Test" time="26.919" errors="0" timestamp="2025-07-29T10:24:54 IST">
  <testcase classname="princepinnu.secondSeleniumFramework.SubmitOrderTest" name="submitOrder" time="4.589"/>
  <testcase classname="princepinnu.secondSeleniumFramework.SubmitOrderTest" name="submitOrder" time="4.554"/>
  <testcase classname="princepinnu.secondSeleniumFramework.SubmitOrderTest" name="OrderHistoryTest" time="1.036"/>
</testsuite> <!-- Submit Order Test -->
